Using pre-set license

 COMMAND LINE ARGUMENTS:
/Applications/Unity/Hub/Editor/2021.1.0f1/Unity.app/Contents/MacOS/Unity
-adb2
-batchMode
-noUpm
-name
AssetImportWorker0
-projectPath
/Users/miguellopes/Documents/UnityStudies/Binding-of-Isaac-Clone
-logFile
Logs/AssetImportWorker0.log
-srvPort
61706
Successfully changed project path to: /Users/miguellopes/Documents/UnityStudies/Binding-of-Isaac-Clone
/Users/miguellopes/Documents/UnityStudies/Binding-of-Isaac-Clone
Using Asset Import Pipeline V2.
Refreshing native plugins compatible for Editor in 66.49 ms, found 1 plugins.
Preloading 0 native plugins for Editor in 0.00 ms.
Initialize engine version: 2021.1.0f1 (61a549675243)
[Subsystems] Discovering subsystems at path /Applications/Unity/Hub/Editor/2021.1.0f1/Unity.app/Contents/Resources/UnitySubsystems
[Subsystems] Discovering subsystems at path /Users/miguellopes/Documents/UnityStudies/Binding-of-Isaac-Clone/Assets
GfxDevice: creating device client; threaded=0; jobified=0
2021-12-15 22:37:07.193 Unity[23116:7372298] Color LCD preferred device: AMD Radeon Pro 5600M (high power)
2021-12-15 22:37:07.193 Unity[23116:7372298] Metal devices available: 2
2021-12-15 22:37:07.193 Unity[23116:7372298] 0: AMD Radeon Pro 5600M (high power)
2021-12-15 22:37:07.193 Unity[23116:7372298] 1: Intel(R) UHD Graphics 630 (low power)
2021-12-15 22:37:07.194 Unity[23116:7372298] Using device AMD Radeon Pro 5600M (high power)
Initializing Metal device caps: AMD Radeon Pro 5600M
Initialize mono
Mono path[0] = '/Applications/Unity/Hub/Editor/2021.1.0f1/Unity.app/Contents/Managed'
Mono path[1] = '/Applications/Unity/Hub/Editor/2021.1.0f1/Unity.app/Contents/MonoBleedingEdge/lib/mono/unityjit'
Mono config path = '/Applications/Unity/Hub/Editor/2021.1.0f1/Unity.app/Contents/MonoBleedingEdge/etc'
Using monoOptions --debugger-agent=transport=dt_socket,embedding=1,server=y,suspend=n,address=127.0.0.1:56116
Begin MonoManager ReloadAssembly
Registering precompiled unity dll's ...
Register platform support module: /Applications/Unity/Hub/Editor/2021.1.0f1/Unity.app/Contents/PlaybackEngines/MacStandaloneSupport/UnityEditor.OSXStandalone.Extensions.dll
Registered in 0.001079 seconds.
Native extension for OSXStandalone target not found
Refreshing native plugins compatible for Editor in 65.69 ms, found 1 plugins.
Preloading 0 native plugins for Editor in 0.00 ms.
Mono: successfully reloaded assembly
- Completed reload, in  3.204 seconds
Platform modules already initialized, skipping
Registering precompiled user dll's ...
Registered in 0.002675 seconds.
Begin MonoManager ReloadAssembly
Native extension for OSXStandalone target not found
Refreshing native plugins compatible for Editor in 0.54 ms, found 1 plugins.
Preloading 0 native plugins for Editor in 0.00 ms.
Mono: successfully reloaded assembly
- Completed reload, in  1.081 seconds
Platform modules already initialized, skipping
========================================================================
Worker process is ready to serve import requests
Launching external process: /Applications/Unity/Hub/Editor/2021.1.0f1/Unity.app/Contents/Tools/UnityShaderCompiler
Launched and connected shader compiler UnityShaderCompiler after 0.02 seconds
Refreshing native plugins compatible for Editor in 0.46 ms, found 1 plugins.
Preloading 0 native plugins for Editor in 0.00 ms.
Unloading 2684 Unused Serialized files (Serialized files now loaded: 0)
System memory in use before: 172.6 MB.
System memory in use after: 172.8 MB.

Unloading 14 unused Assets to reduce memory usage. Loaded Objects now: 3137.
Total: 1.980084 ms (FindLiveObjects: 0.220314 ms CreateObjectMapping: 0.132527 ms MarkObjects: 1.579394 ms  DeleteObjects: 0.047075 ms)

========================================================================
Received Import Request.
  path: Assets/Prefabs/Character
  artifactKey: Guid(c1c4570248510408384530318c1b3857) Importer(815301076,1909f56bfc062723c751e8b465ee728b)
Start importing Assets/Prefabs/Character using Guid(c1c4570248510408384530318c1b3857) Importer(815301076,1909f56bfc062723c751e8b465ee728b)  -> (artifact id: '5cd631eec4336caad97293326de9d593') in 0.006168 seconds 
========================================================================
Received Import Request.
  Time since last request: 0.000150 seconds.
  path: Assets/Prefabs/Bullet.prefab
  artifactKey: Guid(b02d5786e5afaac479b933a6426437e5) Importer(815301076,1909f56bfc062723c751e8b465ee728b)
Start importing Assets/Prefabs/Bullet.prefab using Guid(b02d5786e5afaac479b933a6426437e5) Importer(815301076,1909f56bfc062723c751e8b465ee728b)  -> (artifact id: '6535b016467891192e3f202c7ed43667') in 0.442805 seconds 
========================================================================
Received Import Request.
  Time since last request: 0.000134 seconds.
  path: Assets/Prefabs/Enemy.prefab
  artifactKey: Guid(05235872f7cdabd428251a6387b50d25) Importer(815301076,1909f56bfc062723c751e8b465ee728b)
Start importing Assets/Prefabs/Enemy.prefab using Guid(05235872f7cdabd428251a6387b50d25) Importer(815301076,1909f56bfc062723c751e8b465ee728b)  -> (artifact id: '2e8563d00b56b4a968ebd78432a3ef90') in 0.008588 seconds 
========================================================================
Received Import Request.
  Time since last request: 7.317172 seconds.
  path: Assets/Prefabs/ItemSpawner.prefab
  artifactKey: Guid(aa5a7c20d58315642a31ab4aa83b147c) Importer(815301076,1909f56bfc062723c751e8b465ee728b)
Start importing Assets/Prefabs/ItemSpawner.prefab using Guid(aa5a7c20d58315642a31ab4aa83b147c) Importer(815301076,1909f56bfc062723c751e8b465ee728b)  -> (artifact id: 'd710468720fc52894a74a76c8f5a4428') in 0.005990 seconds 
========================================================================
Received Import Request.
  Time since last request: 15.089045 seconds.
  path: Assets/Scenes/DungeonRooms/BasementStart.unity
  artifactKey: Guid(1f4bf153f1097cb4d9cb9ec80d330581) Importer(815301076,1909f56bfc062723c751e8b465ee728b)
Start importing Assets/Scenes/DungeonRooms/BasementStart.unity using Guid(1f4bf153f1097cb4d9cb9ec80d330581) Importer(815301076,1909f56bfc062723c751e8b465ee728b)  -> (artifact id: 'efb68f94b96ca70d8d6e596cdc774896') in 0.001521 seconds 
========================================================================
Received Prepare
Registering precompiled user dll's ...
Registered in 0.002080 seconds.
Begin MonoManager ReloadAssembly
Native extension for OSXStandalone target not found
Refreshing native plugins compatible for Editor in 0.46 ms, found 1 plugins.
Preloading 0 native plugins for Editor in 0.00 ms.
Mono: successfully reloaded assembly
- Completed reload, in  0.979 seconds
Platform modules already initialized, skipping
Refreshing native plugins compatible for Editor in 0.40 ms, found 1 plugins.
Preloading 0 native plugins for Editor in 0.00 ms.
Unloading 2678 Unused Serialized files (Serialized files now loaded: 0)
System memory in use before: 181.1 MB.
System memory in use after: 181.3 MB.

Unloading 9 unused Assets to reduce memory usage. Loaded Objects now: 3147.
Total: 1.877331 ms (FindLiveObjects: 0.244271 ms CreateObjectMapping: 0.108616 ms MarkObjects: 1.511758 ms  DeleteObjects: 0.011848 ms)

========================================================================
Received Import Request.
  Time since last request: 402.512356 seconds.
  path: Assets/Sprites/enemies-spritesheet.png
  artifactKey: Guid(08ec2e59d542c4cb18cfd11837075dbb) Importer(815301076,1909f56bfc062723c751e8b465ee728b)
Start importing Assets/Sprites/enemies-spritesheet.png using Guid(08ec2e59d542c4cb18cfd11837075dbb) Importer(815301076,1909f56bfc062723c751e8b465ee728b)  -> (artifact id: '7ba47e025d924dfb3efa82c19c5ab543') in 0.391758 seconds 
========================================================================
Received Import Request.
  Time since last request: 331.827846 seconds.
  path: Assets/Sprites/isaac-spritesheet.png
  artifactKey: Guid(e106519afca484304ada3aa2c807d401) Importer(815301076,1909f56bfc062723c751e8b465ee728b)
Start importing Assets/Sprites/isaac-spritesheet.png using Guid(e106519afca484304ada3aa2c807d401) Importer(815301076,1909f56bfc062723c751e8b465ee728b)  -> (artifact id: '4462f69f78376970a4e05d2959bdd891') in 0.036664 seconds 
========================================================================
Received Import Request.
  Time since last request: 23.950201 seconds.
  path: Assets/Sprites/isaac-spritesheet.png
  artifactKey: Guid(e106519afca484304ada3aa2c807d401) Importer(815301076,1909f56bfc062723c751e8b465ee728b)
Start importing Assets/Sprites/isaac-spritesheet.png using Guid(e106519afca484304ada3aa2c807d401) Importer(815301076,1909f56bfc062723c751e8b465ee728b)  -> (artifact id: 'f0bd3fd5fd5aaebcd01aab29e289e478') in 0.032513 seconds 
========================================================================
Received Prepare
Registering precompiled user dll's ...
Registered in 0.002702 seconds.
Begin MonoManager ReloadAssembly
Native extension for OSXStandalone target not found
Refreshing native plugins compatible for Editor in 0.41 ms, found 1 plugins.
Preloading 0 native plugins for Editor in 0.00 ms.
Mono: successfully reloaded assembly
- Completed reload, in  0.995 seconds
Platform modules already initialized, skipping
Refreshing native plugins compatible for Editor in 0.33 ms, found 1 plugins.
Preloading 0 native plugins for Editor in 0.00 ms.
Unloading 2715 Unused Serialized files (Serialized files now loaded: 0)
System memory in use before: 206.4 MB.
System memory in use after: 206.6 MB.

Unloading 9 unused Assets to reduce memory usage. Loaded Objects now: 3233.
Total: 1.824227 ms (FindLiveObjects: 0.331965 ms CreateObjectMapping: 0.103565 ms MarkObjects: 1.376789 ms  DeleteObjects: 0.011279 ms)

========================================================================
Received Import Request.
  Time since last request: 263.985913 seconds.
  path: Assets/Sprites/isaac-spritesheet.png
  artifactKey: Guid(e106519afca484304ada3aa2c807d401) Importer(815301076,1909f56bfc062723c751e8b465ee728b)
Start importing Assets/Sprites/isaac-spritesheet.png using Guid(e106519afca484304ada3aa2c807d401) Importer(815301076,1909f56bfc062723c751e8b465ee728b)  -> (artifact id: 'ea28ee3600da46dcc5401e3836240887') in 0.230890 seconds 
========================================================================
Received Import Request.
  Time since last request: 49.306416 seconds.
  path: Assets/Sprites/HeartFilled.png
  artifactKey: Guid(d44bb1b33f41b064090c170a914f9a55) Importer(815301076,1909f56bfc062723c751e8b465ee728b)
Start importing Assets/Sprites/HeartFilled.png using Guid(d44bb1b33f41b064090c170a914f9a55) Importer(815301076,1909f56bfc062723c751e8b465ee728b)  -> (artifact id: 'b89ecb000e8044635d44457583b1157f') in 0.014873 seconds 
========================================================================
Received Import Request.
  Time since last request: 0.060430 seconds.
  path: Assets/Sprites/HearEnmpty.png
  artifactKey: Guid(7a73e0268fe1b7a4e8460d5a7f31bd18) Importer(815301076,1909f56bfc062723c751e8b465ee728b)
Start importing Assets/Sprites/HearEnmpty.png using Guid(7a73e0268fe1b7a4e8460d5a7f31bd18) Importer(815301076,1909f56bfc062723c751e8b465ee728b)  -> (artifact id: '22fdf895c3a3d0480f24b32a52d8e8d3') in 0.013165 seconds 
========================================================================
Received Import Request.
  Time since last request: 0.072863 seconds.
  path: Assets/Sprites/GridBox.png
  artifactKey: Guid(3bb4a9f1df57f6241b29f991c872378f) Importer(815301076,1909f56bfc062723c751e8b465ee728b)
Start importing Assets/Sprites/GridBox.png using Guid(3bb4a9f1df57f6241b29f991c872378f) Importer(815301076,1909f56bfc062723c751e8b465ee728b)  -> (artifact id: 'ce598d50f0d610d8b15c100bfdda84c5') in 0.008041 seconds 
========================================================================
Received Import Request.
  Time since last request: 0.154937 seconds.
  path: Assets/Sprites/Circle.png
  artifactKey: Guid(5e955800dedc3414c91e21bf7a9d6c44) Importer(815301076,1909f56bfc062723c751e8b465ee728b)
Start importing Assets/Sprites/Circle.png using Guid(5e955800dedc3414c91e21bf7a9d6c44) Importer(815301076,1909f56bfc062723c751e8b465ee728b)  -> (artifact id: '70106135d260e18e46f04d68f343cbac') in 0.009846 seconds 
========================================================================
Received Import Request.
  Time since last request: 0.068909 seconds.
  path: Assets/Sprites/BottomWall.png
  artifactKey: Guid(fb0592cc29224f248833ad2ae5a14bba) Importer(815301076,1909f56bfc062723c751e8b465ee728b)
Start importing Assets/Sprites/BottomWall.png using Guid(fb0592cc29224f248833ad2ae5a14bba) Importer(815301076,1909f56bfc062723c751e8b465ee728b)  -> (artifact id: '93c03490fa614b9fecc06e6d984665e5') in 0.010673 seconds 
========================================================================
Received Import Request.
  Time since last request: 58.332268 seconds.
  path: Assets/Sprites/enemies-spritesheet.png
  artifactKey: Guid(08ec2e59d542c4cb18cfd11837075dbb) Importer(815301076,1909f56bfc062723c751e8b465ee728b)
Start importing Assets/Sprites/enemies-spritesheet.png using Guid(08ec2e59d542c4cb18cfd11837075dbb) Importer(815301076,1909f56bfc062723c751e8b465ee728b)  -> (artifact id: 'ff8dcef12e4fe1dcde68cb49d96878b3') in 0.014436 seconds 
========================================================================
Received Import Request.
  Time since last request: 40.499255 seconds.
  path: Assets/Sprites/enemies-spritesheet.png
  artifactKey: Guid(08ec2e59d542c4cb18cfd11837075dbb) Importer(815301076,1909f56bfc062723c751e8b465ee728b)
Start importing Assets/Sprites/enemies-spritesheet.png using Guid(08ec2e59d542c4cb18cfd11837075dbb) Importer(815301076,1909f56bfc062723c751e8b465ee728b)  -> (artifact id: 'f970897680ab471720a124489681a754') in 0.007426 seconds 
========================================================================
Received Import Request.
  Time since last request: 142.056214 seconds.
  path: Assets/Sprites/enemies-spritesheet.png
  artifactKey: Guid(08ec2e59d542c4cb18cfd11837075dbb) Importer(815301076,1909f56bfc062723c751e8b465ee728b)
Start importing Assets/Sprites/enemies-spritesheet.png using Guid(08ec2e59d542c4cb18cfd11837075dbb) Importer(815301076,1909f56bfc062723c751e8b465ee728b)  -> (artifact id: 'd0b4fea43c7a3d4628e4f6b9f4c3b82d') in 0.537154 seconds 
========================================================================
Received Import Request.
  Time since last request: 57.776069 seconds.
  path: Assets/Sprites/enemies-spritesheet.png
  artifactKey: Guid(08ec2e59d542c4cb18cfd11837075dbb) Importer(815301076,1909f56bfc062723c751e8b465ee728b)
Start importing Assets/Sprites/enemies-spritesheet.png using Guid(08ec2e59d542c4cb18cfd11837075dbb) Importer(815301076,1909f56bfc062723c751e8b465ee728b)  -> (artifact id: '9a624f242e214560e9bed63c2a732417') in 0.473553 seconds 
========================================================================
Received Import Request.
  Time since last request: 77.690273 seconds.
  path: Assets/Sprites/basicEnemy.png
  artifactKey: Guid(fdcd8e29c0d8814429d50099b64de478) Importer(815301076,1909f56bfc062723c751e8b465ee728b)
Start importing Assets/Sprites/basicEnemy.png using Guid(fdcd8e29c0d8814429d50099b64de478) Importer(815301076,1909f56bfc062723c751e8b465ee728b)  -> (artifact id: '27850b36d0c02c683c8c890b12010082') in 0.011290 seconds 
========================================================================
Received Import Request.
  Time since last request: 49.505131 seconds.
  path: Assets/Prefabs/Enemy.prefab
  artifactKey: Guid(05235872f7cdabd428251a6387b50d25) Importer(815301076,1909f56bfc062723c751e8b465ee728b)
Start importing Assets/Prefabs/Enemy.prefab using Guid(05235872f7cdabd428251a6387b50d25) Importer(815301076,1909f56bfc062723c751e8b465ee728b)  -> (artifact id: 'a1592054bad4426d396ff2f77af59788') in 0.028053 seconds 
========================================================================
Received Import Request.
  Time since last request: 11.663591 seconds.
  path: Assets/Sprites/enemies-spritesheet.png
  artifactKey: Guid(08ec2e59d542c4cb18cfd11837075dbb) Importer(815301076,1909f56bfc062723c751e8b465ee728b)
Start importing Assets/Sprites/enemies-spritesheet.png using Guid(08ec2e59d542c4cb18cfd11837075dbb) Importer(815301076,1909f56bfc062723c751e8b465ee728b)  -> (artifact id: '885d3f44c3c83d11bc834415b63b475c') in 0.502121 seconds 
========================================================================
Received Import Request.
  Time since last request: 3.899368 seconds.
  path: Assets/Sprites/enemies-spritesheet.png
  artifactKey: Guid(08ec2e59d542c4cb18cfd11837075dbb) Importer(815301076,1909f56bfc062723c751e8b465ee728b)
Start importing Assets/Sprites/enemies-spritesheet.png using Guid(08ec2e59d542c4cb18cfd11837075dbb) Importer(815301076,1909f56bfc062723c751e8b465ee728b)  -> (artifact id: '8304f95a0b288917d91d2e58a4067c27') in 0.470697 seconds 
========================================================================
Received Import Request.
  Time since last request: 3.612495 seconds.
  path: Assets/Sprites/enemies-spritesheet.png
  artifactKey: Guid(08ec2e59d542c4cb18cfd11837075dbb) Importer(815301076,1909f56bfc062723c751e8b465ee728b)
Start importing Assets/Sprites/enemies-spritesheet.png using Guid(08ec2e59d542c4cb18cfd11837075dbb) Importer(815301076,1909f56bfc062723c751e8b465ee728b)  -> (artifact id: '8fbd5c87f666d43f725dfda2fc107eab') in 0.468543 seconds 
========================================================================
Received Import Request.
  Time since last request: 3.559294 seconds.
  path: Assets/Sprites/enemies-spritesheet.png
  artifactKey: Guid(08ec2e59d542c4cb18cfd11837075dbb) Importer(815301076,1909f56bfc062723c751e8b465ee728b)
Start importing Assets/Sprites/enemies-spritesheet.png using Guid(08ec2e59d542c4cb18cfd11837075dbb) Importer(815301076,1909f56bfc062723c751e8b465ee728b)  -> (artifact id: '85dc7e4ef2b3d39628f87f573537df8e') in 0.485697 seconds 
========================================================================
Received Import Request.
  Time since last request: 5.296916 seconds.
  path: Assets/Sprites/enemies-spritesheet.png
  artifactKey: Guid(08ec2e59d542c4cb18cfd11837075dbb) Importer(815301076,1909f56bfc062723c751e8b465ee728b)
Start importing Assets/Sprites/enemies-spritesheet.png using Guid(08ec2e59d542c4cb18cfd11837075dbb) Importer(815301076,1909f56bfc062723c751e8b465ee728b)  -> (artifact id: '7fb8b4f7ce51a2189db715b0cff8454d') in 0.484160 seconds 
========================================================================
Received Import Request.
  Time since last request: 268.043811 seconds.
  path: Assets/Sprites/isaac_tears_spritesheet.png
  artifactKey: Guid(3b9326e56c18741948e1f675ed437b44) Importer(815301076,1909f56bfc062723c751e8b465ee728b)
Start importing Assets/Sprites/isaac_tears_spritesheet.png using Guid(3b9326e56c18741948e1f675ed437b44) Importer(815301076,1909f56bfc062723c751e8b465ee728b)  -> (artifact id: '37bcc3d6901723b6f5cb06deb84dd97a') in 0.010117 seconds 
========================================================================
Received Import Request.
  Time since last request: 9.458235 seconds.
  path: Assets/Sprites/isaac_tears_spritesheet.png
  artifactKey: Guid(3b9326e56c18741948e1f675ed437b44) Importer(815301076,1909f56bfc062723c751e8b465ee728b)
Start importing Assets/Sprites/isaac_tears_spritesheet.png using Guid(3b9326e56c18741948e1f675ed437b44) Importer(815301076,1909f56bfc062723c751e8b465ee728b)  -> (artifact id: '24323c7374667e6493adbc5bbf3b1740') in 0.010598 seconds 
========================================================================
Received Import Request.
  Time since last request: 89.908128 seconds.
  path: Assets/Sprites/isaac_tears_spritesheet.png
  artifactKey: Guid(3b9326e56c18741948e1f675ed437b44) Importer(815301076,1909f56bfc062723c751e8b465ee728b)
Start importing Assets/Sprites/isaac_tears_spritesheet.png using Guid(3b9326e56c18741948e1f675ed437b44) Importer(815301076,1909f56bfc062723c751e8b465ee728b)  -> (artifact id: '62716e1f9c3c2243939098c7b0ff3454') in 0.250118 seconds 
========================================================================
Received Import Request.
  Time since last request: 97.030382 seconds.
  path: Assets/Sprites/LeftWall.png
  artifactKey: Guid(8cd18575d70623d44b6e1218bc40ff97) Importer(815301076,1909f56bfc062723c751e8b465ee728b)
Start importing Assets/Sprites/LeftWall.png using Guid(8cd18575d70623d44b6e1218bc40ff97) Importer(815301076,1909f56bfc062723c751e8b465ee728b)  -> (artifact id: 'ffc2a864069733a336ccf9a7c871cd0c') in 0.011828 seconds 
========================================================================
Received Import Request.
  Time since last request: 44.472314 seconds.
  path: Assets/Sprites/isaac_tears_HD_spritesheet.png
  artifactKey: Guid(d85d906c091ab478fae37c05e71df547) Importer(815301076,1909f56bfc062723c751e8b465ee728b)
Start importing Assets/Sprites/isaac_tears_HD_spritesheet.png using Guid(d85d906c091ab478fae37c05e71df547) Importer(815301076,1909f56bfc062723c751e8b465ee728b)  -> (artifact id: '990faabf554e498c7b4973bcc3f05cf2') in 0.010492 seconds 
========================================================================
Received Import Request.
  Time since last request: 13.467686 seconds.
  path: Assets/Sprites/isaac_tears_HD_spritesheet.png
  artifactKey: Guid(d85d906c091ab478fae37c05e71df547) Importer(815301076,1909f56bfc062723c751e8b465ee728b)
Start importing Assets/Sprites/isaac_tears_HD_spritesheet.png using Guid(d85d906c091ab478fae37c05e71df547) Importer(815301076,1909f56bfc062723c751e8b465ee728b)  -> (artifact id: '3f62002df5b634aa4031bda16438c8ad') in 0.010261 seconds 
========================================================================
Received Import Request.
  Time since last request: 309.460245 seconds.
  path: Assets/Sprites/isaac_tears_spritesheet.png
  artifactKey: Guid(3b9326e56c18741948e1f675ed437b44) Importer(815301076,1909f56bfc062723c751e8b465ee728b)
Start importing Assets/Sprites/isaac_tears_spritesheet.png using Guid(3b9326e56c18741948e1f675ed437b44) Importer(815301076,1909f56bfc062723c751e8b465ee728b)  -> (artifact id: 'a8b2e4b66950f88bcf39c1f584417c5b') in 0.245740 seconds 
========================================================================
Received Import Request.
  Time since last request: 259.325905 seconds.
  path: Assets/Sprites/isaac_tears_simple.png
  artifactKey: Guid(6c03f678ae63047df8e3a283a7971631) Importer(815301076,1909f56bfc062723c751e8b465ee728b)
Start importing Assets/Sprites/isaac_tears_simple.png using Guid(6c03f678ae63047df8e3a283a7971631) Importer(815301076,1909f56bfc062723c751e8b465ee728b)  -> (artifact id: 'a5485ee07b31d7922e2e18b15b8ad7c9') in 0.008873 seconds 
========================================================================
Received Import Request.
  Time since last request: 4.134756 seconds.
  path: Assets/Sprites/isaac_tears_simple_spritesheet.png
  artifactKey: Guid(6c03f678ae63047df8e3a283a7971631) Importer(815301076,1909f56bfc062723c751e8b465ee728b)
Start importing Assets/Sprites/isaac_tears_simple_spritesheet.png using Guid(6c03f678ae63047df8e3a283a7971631) Importer(815301076,1909f56bfc062723c751e8b465ee728b)  -> (artifact id: '43b9669d80db15c8c3f0507cf1fc9696') in 0.008777 seconds 
========================================================================
Received Import Request.
  Time since last request: 9.645750 seconds.
  path: Assets/Sprites/isaac_tears_simple_spritesheet.png
  artifactKey: Guid(6c03f678ae63047df8e3a283a7971631) Importer(815301076,1909f56bfc062723c751e8b465ee728b)
Start importing Assets/Sprites/isaac_tears_simple_spritesheet.png using Guid(6c03f678ae63047df8e3a283a7971631) Importer(815301076,1909f56bfc062723c751e8b465ee728b)  -> (artifact id: '006b7a10d61185753a5ff3c9b7078d48') in 0.008143 seconds 
========================================================================
Received Import Request.
  Time since last request: 367.563229 seconds.
  path: Assets/Sprites/isaac_tears_simple_spritesheet.png
  artifactKey: Guid(6c03f678ae63047df8e3a283a7971631) Importer(815301076,1909f56bfc062723c751e8b465ee728b)
Start importing Assets/Sprites/isaac_tears_simple_spritesheet.png using Guid(6c03f678ae63047df8e3a283a7971631) Importer(815301076,1909f56bfc062723c751e8b465ee728b)  -> (artifact id: '977158e8cc6f84eff0e621973ecd387f') in 0.031465 seconds 
========================================================================
Received Import Request.
  Time since last request: 9.677521 seconds.
  path: Assets/Sprites/Potion.png
  artifactKey: Guid(16ed1fdd0ce2d9b439b3970490a6a891) Importer(815301076,1909f56bfc062723c751e8b465ee728b)
Start importing Assets/Sprites/Potion.png using Guid(16ed1fdd0ce2d9b439b3970490a6a891) Importer(815301076,1909f56bfc062723c751e8b465ee728b)  -> (artifact id: '4b13acb7cd18c4035a4eefc5a707e8d8') in 0.012564 seconds 
AssetImportWorkerClient::OnTransportError - code=2 error=End of file
