Using pre-set license

 COMMAND LINE ARGUMENTS:
/Applications/Unity/Hub/Editor/2021.1.0f1/Unity.app/Contents/MacOS/Unity
-adb2
-batchMode
-noUpm
-name
AssetImportWorker0
-projectPath
/Users/miguellopes/Documents/UnityStudies/Binding-of-Isaac-Clone
-logFile
Logs/AssetImportWorker0.log
-srvPort
53826
Successfully changed project path to: /Users/miguellopes/Documents/UnityStudies/Binding-of-Isaac-Clone
/Users/miguellopes/Documents/UnityStudies/Binding-of-Isaac-Clone
Using Asset Import Pipeline V2.
Refreshing native plugins compatible for Editor in 72.01 ms, found 1 plugins.
Preloading 0 native plugins for Editor in 0.00 ms.
Initialize engine version: 2021.1.0f1 (61a549675243)
[Subsystems] Discovering subsystems at path /Applications/Unity/Hub/Editor/2021.1.0f1/Unity.app/Contents/Resources/UnitySubsystems
[Subsystems] Discovering subsystems at path /Users/miguellopes/Documents/UnityStudies/Binding-of-Isaac-Clone/Assets
GfxDevice: creating device client; threaded=0; jobified=0
2021-11-09 15:14:03.009 Unity[27464:2338320] Color LCD preferred device: AMD Radeon Pro 5600M (high power)
2021-11-09 15:14:03.009 Unity[27464:2338320] Metal devices available: 2
2021-11-09 15:14:03.009 Unity[27464:2338320] 0: AMD Radeon Pro 5600M (high power)
2021-11-09 15:14:03.009 Unity[27464:2338320] 1: Intel(R) UHD Graphics 630 (low power)
2021-11-09 15:14:03.010 Unity[27464:2338320] Using device AMD Radeon Pro 5600M (high power)
Initializing Metal device caps: AMD Radeon Pro 5600M
Initialize mono
Mono path[0] = '/Applications/Unity/Hub/Editor/2021.1.0f1/Unity.app/Contents/Managed'
Mono path[1] = '/Applications/Unity/Hub/Editor/2021.1.0f1/Unity.app/Contents/MonoBleedingEdge/lib/mono/unityjit'
Mono config path = '/Applications/Unity/Hub/Editor/2021.1.0f1/Unity.app/Contents/MonoBleedingEdge/etc'
Using monoOptions --debugger-agent=transport=dt_socket,embedding=1,server=y,suspend=n,address=127.0.0.1:56464
Begin MonoManager ReloadAssembly
Registering precompiled unity dll's ...
Register platform support module: /Applications/Unity/Hub/Editor/2021.1.0f1/Unity.app/Contents/PlaybackEngines/MacStandaloneSupport/UnityEditor.OSXStandalone.Extensions.dll
Registered in 0.002056 seconds.
Native extension for OSXStandalone target not found
Refreshing native plugins compatible for Editor in 80.02 ms, found 1 plugins.
Preloading 0 native plugins for Editor in 0.00 ms.
Mono: successfully reloaded assembly
- Completed reload, in  3.242 seconds
Platform modules already initialized, skipping
Registering precompiled user dll's ...
Registered in 0.005339 seconds.
Begin MonoManager ReloadAssembly
Native extension for OSXStandalone target not found
Refreshing native plugins compatible for Editor in 0.43 ms, found 1 plugins.
Preloading 0 native plugins for Editor in 0.00 ms.
Mono: successfully reloaded assembly
- Completed reload, in  1.155 seconds
Platform modules already initialized, skipping
========================================================================
Worker process is ready to serve import requests
Launching external process: /Applications/Unity/Hub/Editor/2021.1.0f1/Unity.app/Contents/Tools/UnityShaderCompiler
Launched and connected shader compiler UnityShaderCompiler after 0.01 seconds
Refreshing native plugins compatible for Editor in 0.44 ms, found 1 plugins.
Preloading 0 native plugins for Editor in 0.00 ms.
Unloading 2684 Unused Serialized files (Serialized files now loaded: 0)
System memory in use before: 172.6 MB.
System memory in use after: 172.8 MB.

Unloading 14 unused Assets to reduce memory usage. Loaded Objects now: 3136.
Total: 2.344337 ms (FindLiveObjects: 0.275019 ms CreateObjectMapping: 0.164142 ms MarkObjects: 1.843639 ms  DeleteObjects: 0.060515 ms)

========================================================================
Received Import Request.
  path: Assets/Scenes/SampleScene.unity
  artifactKey: Guid(9fc0d4010bbf28b4594072e72b8655ab) Importer(815301076,1909f56bfc062723c751e8b465ee728b)
Start importing Assets/Scenes/SampleScene.unity using Guid(9fc0d4010bbf28b4594072e72b8655ab) Importer(815301076,1909f56bfc062723c751e8b465ee728b)  -> (artifact id: '30208ea349960011b845acd9fafa95b3') in 0.012001 seconds 
========================================================================
Received Import Request.
  Time since last request: 5.052451 seconds.
  path: Assets/Scenes/DungeonRooms
  artifactKey: Guid(b1d582aeead943348864c3658f996894) Importer(815301076,1909f56bfc062723c751e8b465ee728b)
Start importing Assets/Scenes/DungeonRooms using Guid(b1d582aeead943348864c3658f996894) Importer(815301076,1909f56bfc062723c751e8b465ee728b)  -> (artifact id: '3c3ff33a758005b1c9568d0f98983c6d') in 0.001006 seconds 
========================================================================
Received Import Request.
  Time since last request: 4.886218 seconds.
  path: Assets/Scenes/DungeonRooms/BasementMain.unity
  artifactKey: Guid(dc15af8a883dbad43b332d46e2c9b29b) Importer(815301076,1909f56bfc062723c751e8b465ee728b)
Start importing Assets/Scenes/DungeonRooms/BasementMain.unity using Guid(dc15af8a883dbad43b332d46e2c9b29b) Importer(815301076,1909f56bfc062723c751e8b465ee728b)  -> (artifact id: '1c5ffa4ab1d3fb8bc35fe291c0b63c02') in 0.001386 seconds 
AssetImportWorkerClient::OnTransportError - code=2 error=End of file
